[sbt_options] declare -a sbt_options='()'
[process_args] java_version = '25'
[copyRt] java9_rt = '/Users/wmazur/.sbt/1.0/java9-rt-ext-eclipse_adoptium_25/rt.jar'
# Executing command line:
java
-Xmx2g
-Dcommunitybuild.scala=3.8.4
-Dcommunitybuild.project.dependencies.add=
-Xmx7G
-Xms4G
-Xss8M
-Dsbt.script=/Users/wmazur/.sdkman/candidates/sbt/current/bin/sbt
--sun-misc-unsafe-memory-access=allow
--enable-native-access=ALL-UNNAMED
-Dscala.ext.dirs=/Users/wmazur/.sbt/1.0/java9-rt-ext-eclipse_adoptium_25
-jar
/Users/wmazur/.sdkman/candidates/sbt/1.11.7/bin/sbt-launch.jar
"setCrossScalaVersions 3.8.4"
"++3.8.4 -v"
"mapScalacOptions ",REQUIRE:-source:3.8,-Wconf:msg=can be rewritten automatically under:s" ",-deprecation,-feature,-Xfatal-warnings,-Werror,MATCH:.*-Wconf.*any:e""
clearCredentials
"excludeLibraryDependency com.github.ghik:zerowaste_{scalaVersion} com.olegpy:better-monadic-for_3 org.polyvariant:better-tostring_{scalaVersion} org.wartremover:wartremover_{scalaVersion}"
"removeScalacOptionsStartingWith -P:wartremover"
moduleMappings
"runBuild 3.8.4 """{"projects":{"exclude":[],"overrides":{}},"java":{"version":"17"},"sbt":{"commands":[],"options":[]},"mill":{"options":[]},"tests":"full","migrationVersions":[],"sourcePatches":[{"path":"build.sbt","pattern":"val Scala3 = \"3.1.2\"","replaceWith":"val Scala3 = \"<SCALA_VERSION>\""}]}""" io.hireproof%screening io.hireproof%screening-core"

[0m[[0m[0minfo[0m] [0m[0mwelcome to sbt 1.11.5 (Eclipse Adoptium Java 25)[0m
[0m[[0m[0minfo[0m] [0m[0mloading settings for project screening-build from akka.sbt, plugins.sbt...[0m
[0m[[0m[0minfo[0m] [0m[0mloading project definition from /Users/wmazur/projects/scala/community-build3/repro/hireproof/screening/repo/hireproof/screening/project[0m
[0m[[0m[0minfo[0m] [0m[0mcompiling 7 Scala sources to /Users/wmazur/projects/scala/community-build3/repro/hireproof/screening/repo/hireproof/screening/project/target/scala-2.12/sbt-1.0/classes ...[0m
[0m[[0m[0minfo[0m] [0m[0mdone compiling[0m
[0m[[0m[0minfo[0m] [0m[0mloading settings for project screening from build.sbt...[0m
[0m[[0m[0minfo[0m] [0m[0mset current project to screening (in build file:/Users/wmazur/projects/scala/community-build3/repro/hireproof/screening/repo/hireproof/screening/)[0m
Execute setCrossScalaVersions: 3.8.4
OpenCB::Changing crossVersion 3.8.4 -> 3.8.4 in coreJVM/crossScalaVersions
OpenCB::Changing crossVersion 3.8.4 -> 3.8.4 in coreJS/crossScalaVersions
OpenCB::Changing crossVersion 3.8.4 -> 3.8.4 in rootJVM/crossScalaVersions
OpenCB::Changing crossVersion 3.8.4 -> 3.8.4 in screening/crossScalaVersions
[0m[[0m[0minfo[0m] [0m[0mset current project to screening (in build file:/Users/wmazur/projects/scala/community-build3/repro/hireproof/screening/repo/hireproof/screening/)[0m
[0m[[0m[0minfo[0m] [0m[0mSetting Scala version to 3.8.4 on 4 projects.[0m
[0m[[0m[0minfo[0m] [0m[0mSwitching Scala version on:[0m
[0m[[0m[0minfo[0m] [0m[0m  * screening (2.13.8, 3.8.4)[0m
[0m[[0m[0minfo[0m] [0m[0m    rootJVM (2.13.8, 3.8.4)[0m
[0m[[0m[0minfo[0m] [0m[0m    coreJVM (2.13.8, 3.8.4)[0m
[0m[[0m[0minfo[0m] [0m[0m    coreJS (2.13.8, 3.8.4)[0m
[0m[[0m[0minfo[0m] [0m[0mExcluding projects:[0m
[0m[[0m[0minfo[0m] [0m[0mReapplying settings...[0m
[0m[[0m[0minfo[0m] [0m[0mset current project to screening (in build file:/Users/wmazur/projects/scala/community-build3/repro/hireproof/screening/repo/hireproof/screening/)[0m
Execute mapScalacOptions: ,REQUIRE:-source:3.8,-Wconf:msg=can be rewritten automatically under:s ,-deprecation,-feature,-Xfatal-warnings,-Werror,MATCH:.*-Wconf.*any:e
[0m[[0m[0minfo[0m] [0m[0mReapplying settings...[0m
[0m[[0m[0minfo[0m] [0m[0mset current project to screening (in build file:/Users/wmazur/projects/scala/community-build3/repro/hireproof/screening/repo/hireproof/screening/)[0m
Execute clearCredentials: 
[0m[[0m[0minfo[0m] [0m[0mset current project to screening (in build file:/Users/wmazur/projects/scala/community-build3/repro/hireproof/screening/repo/hireproof/screening/)[0m
Execute excludeLibraryDependency: com.github.ghik:zerowaste_{scalaVersion} com.olegpy:better-monadic-for_3 org.polyvariant:better-tostring_{scalaVersion} org.wartremover:wartremover_{scalaVersion}
[0m[[0m[0minfo[0m] [0m[0mReapplying settings...[0m
OpenCB::Failed to reapply settings in excludeLibraryDependency: Reference to undefined setting: 

  Global / allExcludeDependencies from Global / allExcludeDependencies (CommunityBuildPluginShared.scala:286)
     Did you mean allExcludeDependencies ?
 , retry without global scopes
[0m[[0m[0minfo[0m] [0m[0mReapplying settings...[0m
[0m[[0m[0minfo[0m] [0m[0mset current project to screening (in build file:/Users/wmazur/projects/scala/community-build3/repro/hireproof/screening/repo/hireproof/screening/)[0m
Execute removeScalacOptionsStartingWith: -P:wartremover
[0m[[0m[0minfo[0m] [0m[0mReapplying settings...[0m
[0m[[0m[0minfo[0m] [0m[0mset current project to screening (in build file:/Users/wmazur/projects/scala/community-build3/repro/hireproof/screening/repo/hireproof/screening/)[0m
[0m[[0m[32msuccess[0m] [0m[0mTotal time: 0 s, completed Jun 27, 2026, 7:59:46 PM[0m
Build config: {"projects":{"exclude":[],"overrides":{}},"java":{"version":"17"},"sbt":{"commands":[],"options":[]},"mill":{"options":[]},"tests":"full","migrationVersions":[],"sourcePatches":[{"path":"build.sbt","pattern":"val Scala3 = \"3.1.2\"","replaceWith":"val Scala3 = \"<SCALA_VERSION>\""}]}
Parsed config: Success(ProjectBuildConfig(ProjectsConfig(List(),Map()),Full,List()))
Starting build...
Projects: Set(screening, coreJVM)
Starting build for ProjectRef(file:/Users/wmazur/projects/scala/community-build3/repro/hireproof/screening/repo/hireproof/screening/,coreJVM) (screening-core)... [0/2]
OpenCB::Exclude Scala3 specific scalacOption `REQUIRE:-source:3.8` in Scala 2.12.20 module Global
OpenCB::Filter out '-deprecation', matches setting pattern '^-?\Q-deprecation\E'
OpenCB::Filter out '-feature', matches setting pattern '^-?\Q-feature\E'
Compile scalacOptions: -encoding, utf8, -unchecked, -language:experimental.macros, -language:higherKinds, -language:implicitConversions, -Ykind-projector, -Wconf:msg=can be rewritten automatically under:s, -source:3.8
[0m[[0m[0minfo[0m] [0m[0mcompiling 8 Scala sources to /Users/wmazur/projects/scala/community-build3/repro/hireproof/screening/repo/hireproof/screening/modules/core/.jvm/target/scala-3.8.4/classes ...[0m
[0m[[0m[33mwarn[0m] [0m[0mOption -Ykind-projector is deprecated: Use -Xkind-projector instead.[0m
[0m[[0m[33mwarn[0m] [0m[0mthere were 3 deprecation warnings; re-run with -deprecation for details[0m
[0m[[0m[33mwarn[0m] [0m[0mtwo warnings found[0m
[0m[[0m[0minfo[0m] [0m[0mdone compiling[0m
[0m[[0m[0minfo[0m] [0m[0mcompiling 2 Scala sources to /Users/wmazur/projects/scala/community-build3/repro/hireproof/screening/repo/hireproof/screening/modules/core/.jvm/target/scala-3.8.4/test-classes ...[0m
[0m[[0m[33mwarn[0m] [0m[0mOption -Ykind-projector is deprecated: Use -Xkind-projector instead.[0m
[0m[[0m[33mwarn[0m] [0m[0mone warning found[0m
[0m[[0m[0minfo[0m] [0m[0mdone compiling[0m
[32mio.hireproof.screening.SelectionHistoryTest:[0m
[32m  + [0m[32mtoJsonPath[0m [90m0.308s[0m
[32m  + [0m[32mtoJsonPath: root[0m [90m0.0s[0m
[32m  + [0m[32mtoJsonPath: array[0m [90m0.002s[0m
[32m  + [0m[32mtoList[0m [90m0.001s[0m
[32m  + [0m[32mup[0m [90m0.002s[0m
[32m  + [0m[32m/:[0m [90m0.002s[0m
[32m  + [0m[32mparse[0m [90m0.003s[0m
[32m  + [0m[32mparse: root[0m [90m0.001s[0m
[32m  + [0m[32mparse: array[0m [90m0.002s[0m
[32m  + [0m[32mparse: empty[0m [90m0.002s[0m
[32m  + [0m[32mparse: invalid characters[0m [90m0.001s[0m
[32m  + [0m[32mparse: exhaustive[0m [90m0.004s[0m
[32mio.hireproof.screening.ValidationTest:[0m
[32m  + [0m[32mcollection.atLeast[0m [90m0.312s[0m
[32m  + [0m[32mcollection.atMost[0m [90m0.003s[0m
[32m  + [0m[32mcollection.empty[0m [90m0.001s[0m
[32m  + [0m[32mcollection.nonEmpty[0m [90m0.002s[0m
[32m  + [0m[32mcollection.exactly[0m [90m0.005s[0m
[32m  + [0m[32mcollection.contains[0m [90m0.023s[0m
[32m  + [0m[32mtime.after: Instant[0m [90m0.006s[0m
[32m  + [0m[32mtime.before: Instant[0m [90m0.001s[0m
[32m  + [0m[32mnumber.greaterThan (delta)[0m [90m0.005s[0m
[32m  + [0m[32mnumber.greaterThanNotEqual[0m [90m0.002s[0m
[32m  + [0m[32mnumber.greaterThanEqual[0m [90m0.001s[0m
[32m  + [0m[32mnumber.lessThanNotEqual[0m [90m0.001s[0m
[32m  + [0m[32mnumber.lessThan (delta)[0m [90m0.002s[0m
[32m  + [0m[32mnumber.lessThanEqual[0m [90m0.001s[0m
[32m  + [0m[32mnumber.equal[0m [90m0.001s[0m
[32m  + [0m[32mnumber.equal (delta)[0m [90m0.001s[0m
[32m  + [0m[32mparsing.bigDecimal[0m [90m0.02s[0m
[32m  + [0m[32mparsing.bigInt[0m [90m0.0s[0m
[32m  + [0m[32mparsing.double[0m [90m0.002s[0m
[32m  + [0m[32mparsing.float[0m [90m0.0s[0m
[32m  + [0m[32mparsing.int[0m [90m0.001s[0m
[32m  + [0m[32mparsing.long[0m [90m0.0s[0m
[32m  + [0m[32mparsing.short[0m [90m0.002s[0m
[32m  + [0m[32mtext.atLeast[0m [90m0.008s[0m
[32m  + [0m[32mtext.atMost[0m [90m0.001s[0m
[32m  + [0m[32mtext.empty[0m [90m0.001s[0m
[32m  + [0m[32mtext.nonEmpty[0m [90m0.0s[0m
[32m  + [0m[32mtext.exactly[0m [90m0.0s[0m
[32m  + [0m[32mtext.matches[0m [90m0.001s[0m
[32m  + [0m[32mtoDebugString[0m [90m0.007s[0m
Starting build for ProjectRef(file:/Users/wmazur/projects/scala/community-build3/repro/hireproof/screening/repo/hireproof/screening/,screening) (screening)... [1/2]
Compile scalacOptions: -encoding, utf8, -unchecked, -language:experimental.macros, -language:higherKinds, -language:implicitConversions, -Ykind-projector, -Wconf:msg=can be rewritten automatically under:s, -source:3.8

************************
Build summary:
[{
 "module": "screening-core",
 "compile": {"status": "ok", "tookMs": 9537, "warnings": 0, "errors": 0, "sourceVersion": "3.8"},
 "doc": {"status": "skipped", "tookMs": 0, "files": 0, "totalSizeKb": 0},
 "test-compile": {"status": "ok", "tookMs": 2083, "warnings": 0, "errors": 0, "sourceVersion": "3.8"},
 "test": {"status": "ok", "tookMs": 794, "passed": 42, "failed": 0, "ignored": 0, "skipped": 0, "total": 42, "byFramework": [{"framework": "munit", "stats": {"passed": 42, "failed": 0, "ignored": 0, "skipped": 0, "total": 42}}]},
 "publish": {"status": "ok", "tookMs": 6},
 "metadata": {
  "crossScalaVersions": ["2.13.8", "3.1.2"]
}
},{
 "module": "screening",
 "compile": {"status": "ok", "tookMs": 94, "warnings": 0, "errors": 0, "sourceVersion": "3.8"},
 "doc": {"status": "skipped", "tookMs": 0, "files": 0, "totalSizeKb": 0},
 "test-compile": {"status": "ok", "tookMs": 122, "warnings": 0, "errors": 0, "sourceVersion": "3.8"},
 "test": {"status": "ok", "tookMs": 105, "passed": 0, "failed": 0, "ignored": 0, "skipped": 0, "total": 0, "byFramework": []},
 "publish": {"status": "ok", "tookMs": 18},
 "metadata": {
  "crossScalaVersions": ["2.13.8", "3.1.2"]
}
}]
************************
[0m[[0m[32msuccess[0m] [0m[0mTotal time: 14 s, completed Jun 27, 2026, 8:00:00 PM[0m
[0J